#
# There is insufficient memory for the Java Runtime Environment to continue.
# Native memory allocation (malloc) failed to allocate 1122416 bytes for Chunk::new
# Possible reasons:
#   The system is out of physical RAM or swap space
#   The process is running with CompressedOops enabled, and the Java Heap may be blocking the growth of the native heap
# Possible solutions:
#   Reduce memory load on the system
#   Increase physical memory or swap space
#   Check if swap backing store is full
#   Decrease Java heap size (-Xmx/-Xms)
#   Decrease number of Java threads
#   Decrease Java thread stack sizes (-Xss)
#   Set larger code cache with -XX:ReservedCodeCacheSize=
#   JVM is running with Zero Based Compressed Oops mode in which the Java heap is
#     placed in the first 32GB address space. The Java Heap base address is the
#     maximum limit for the native heap growth. Please use -XX:HeapBaseMinAddress
#     to set the Java Heap base and to place the Java Heap above 32GB virtual address.
# This output file may be truncated or incomplete.
#
#  Out of Memory Error (allocation.cpp:389), pid=25204, tid=0x0000000000004694
#
# JRE version: Java(TM) SE Runtime Environment (8.0_281-b09) (build 1.8.0_281-b09)
# Java VM: Java HotSpot(TM) 64-Bit Server VM (25.281-b09 mixed mode windows-amd64 compressed oops)
# Failed to write core dump. Minidumps are not enabled by default on client versions of Windows
#

---------------  T H R E A D  ---------------

Current thread (0x000001e33acdb000):  JavaThread "C2 CompilerThread5" daemon [_thread_in_native, id=18068, stack(0x000000354ea00000,0x000000354eb00000)]

Stack: [0x000000354ea00000,0x000000354eb00000]
Native frames: (J=compiled Java code, j=interpreted, Vv=VM code, C=native code)
V  [jvm.dll+0x32e5b9]
V  [jvm.dll+0x275012]
V  [jvm.dll+0x275cbd]
V  [jvm.dll+0x26c6f5]
V  [jvm.dll+0xd51fc]
V  [jvm.dll+0xd59fc]
V  [jvm.dll+0x46f8c3]
V  [jvm.dll+0x4373e0]
V  [jvm.dll+0x4403d5]
V  [jvm.dll+0x43f795]
V  [jvm.dll+0x42a5e7]
V  [jvm.dll+0xabe9b]
V  [jvm.dll+0xaa4fb]
V  [jvm.dll+0x23d6b2]
V  [jvm.dll+0x291cbc]
C  [ucrtbase.dll+0x21bb2]
C  [KERNEL32.DLL+0x17034]
C  [ntdll.dll+0x52651]


Current CompileTask:
C2:   2848 5523       4       org.apache.maven.model.inheritance.DefaultInheritanceAssembler$InheritanceModelMerger::mergePluginContainer_Plugins (430 bytes)


---------------  P R O C E S S  ---------------

Java Threads: ( => current thread )
  0x000001e3419f2000 JavaThread "ping-timer-10s" daemon [_thread_blocked, id=26164, stack(0x000000354f900000,0x000000354fa00000)]
  0x000001e33d143000 JavaThread "timeout-check-timer" daemon [_thread_blocked, id=24176, stack(0x000000354f800000,0x000000354f900000)]
  0x000001e33aecc000 JavaThread "resolver-5" daemon [_thread_blocked, id=28612, stack(0x000000354f700000,0x000000354f800000)]
  0x000001e33d396000 JavaThread "resolver-4" daemon [_thread_blocked, id=5796, stack(0x000000354f600000,0x000000354f700000)]
  0x000001e342637800 JavaThread "resolver-3" daemon [_thread_blocked, id=21168, stack(0x000000354f500000,0x000000354f600000)]
  0x000001e34001c000 JavaThread "resolver-2" daemon [_thread_blocked, id=17604, stack(0x000000354f400000,0x000000354f500000)]
  0x000001e34001b800 JavaThread "resolver-1" daemon [_thread_blocked, id=23576, stack(0x000000354f300000,0x000000354f400000)]
  0x000001e33ad9b800 JavaThread "Service Thread" daemon [_thread_blocked, id=26152, stack(0x000000354f100000,0x000000354f200000)]
  0x000001e33ad29800 JavaThread "C1 CompilerThread11" daemon [_thread_blocked, id=6132, stack(0x000000354f000000,0x000000354f100000)]
  0x000001e33ad07800 JavaThread "C1 CompilerThread10" daemon [_thread_blocked, id=11724, stack(0x000000354ef00000,0x000000354f000000)]
  0x000001e33ad05000 JavaThread "C1 CompilerThread9" daemon [_thread_blocked, id=504, stack(0x000000354ee00000,0x000000354ef00000)]
  0x000001e33ace3000 JavaThread "C1 CompilerThread8" daemon [_thread_blocked, id=22900, stack(0x000000354ed00000,0x000000354ee00000)]
  0x000001e33ace2800 JavaThread "C2 CompilerThread7" daemon [_thread_blocked, id=27548, stack(0x000000354ec00000,0x000000354ed00000)]
  0x000001e33acdc800 JavaThread "C2 CompilerThread6" daemon [_thread_in_vm, id=9220, stack(0x000000354eb00000,0x000000354ec00000)]
=>0x000001e33acdb000 JavaThread "C2 CompilerThread5" daemon [_thread_in_native, id=18068, stack(0x000000354ea00000,0x000000354eb00000)]
  0x000001e33acd4800 JavaThread "C2 CompilerThread4" daemon [_thread_blocked, id=3452, stack(0x000000354e900000,0x000000354ea00000)]
  0x000001e33acd3800 JavaThread "C2 CompilerThread3" daemon [_thread_blocked, id=14240, stack(0x000000354e800000,0x000000354e900000)]
  0x000001e33acd2800 JavaThread "C2 CompilerThread2" daemon [_thread_blocked, id=28352, stack(0x000000354e700000,0x000000354e800000)]
  0x000001e33acd0800 JavaThread "C2 CompilerThread1" daemon [_thread_blocked, id=1396, stack(0x000000354e600000,0x000000354e700000)]
  0x000001e33acce800 JavaThread "C2 CompilerThread0" daemon [_thread_blocked, id=23696, stack(0x000000354e500000,0x000000354e600000)]
  0x000001e33accc000 JavaThread "Attach Listener" daemon [_thread_blocked, id=27868, stack(0x000000354e400000,0x000000354e500000)]
  0x000001e33acc9000 JavaThread "Signal Dispatcher" daemon [_thread_blocked, id=7012, stack(0x000000354e300000,0x000000354e400000)]
  0x000001e337fde800 JavaThread "Finalizer" daemon [_thread_blocked, id=7876, stack(0x000000354e200000,0x000000354e300000)]
  0x000001e337fda800 JavaThread "Reference Handler" daemon [_thread_blocked, id=25196, stack(0x000000354e100000,0x000000354e200000)]
  0x000001e31d1d3000 JavaThread "main" [_thread_in_native, id=25352, stack(0x000000354d200000,0x000000354d300000)]

Other Threads:
  0x000001e337fb5000 VMThread [stack: 0x000000354e000000,0x000000354e100000] [id=27352]
  0x000001e33ae01800 WatcherThread [stack: 0x000000354f200000,0x000000354f300000] [id=23452]

VM state:not at safepoint (normal execution)

VM Mutex/Monitor currently owned by a thread: None

heap address: 0x00000006c1200000, size: 4078 MB, Compressed Oops mode: Zero based, Oop shift amount: 3
Narrow klass base: 0x0000000000000000, Narrow klass shift: 3
Compressed class space size: 1073741824 Address: 0x00000007c0000000

Heap:
 PSYoungGen      total 105472K, used 77260K [0x000000076b100000, 0x0000000772a00000, 0x00000007c0000000)
  eden space 89088K, 71% used [0x000000076b100000,0x000000076ef5c338,0x0000000770800000)
  from space 16384K, 81% used [0x0000000771800000,0x0000000772516e90,0x0000000772800000)
  to   space 16384K, 0% used [0x0000000770800000,0x0000000770800000,0x0000000771800000)
 ParOldGen       total 130048K, used 17811K [0x00000006c1200000, 0x00000006c9100000, 0x000000076b100000)
  object space 130048K, 13% used [0x00000006c1200000,0x00000006c2364c88,0x00000006c9100000)
 Metaspace       used 25858K, capacity 26506K, committed 26752K, reserved 1073152K
  class space    used 2873K, capacity 3076K, committed 3200K, reserved 1048576K

Card table byte_map: [0x000001e32dfd0000,0x000001e32e7d0000] byte_map_base: 0x000001e32a9c7000

Marking Bits: (ParMarkBitMap*) 0x0000000077c26ff0
 Begin Bits: [0x000001e32ed20000, 0x000001e332cd8000)
 End Bits:   [0x000001e332cd8000, 0x000001e336c90000)

Polling page: 0x000001e31ebe0000

CodeCache: size=245760Kb used=22169Kb max_used=22187Kb free=223590Kb
 bounds [0x000001e31ec10000, 0x000001e3201e0000, 0x000001e32dc10000]
 total_blobs=5854 nmethods=5410 adapters=353
 compilation: enabled

Compilation events (10 events):
Event: 2.755 Thread 0x000001e33ad07800 nmethod 5828 0x000001e3201b92d0 code [0x000001e3201b94a0, 0x000001e3201b9d50]
Event: 2.755 Thread 0x000001e33ad29800 nmethod 5829 0x000001e3201b8990 code [0x000001e3201b8b40, 0x000001e3201b9110]
Event: 2.756 Thread 0x000001e33acdc800 nmethod 5825 0x000001e3201b59d0 code [0x000001e3201b5b20, 0x000001e3201b5be8]
Event: 2.757 Thread 0x000001e33acd4800 nmethod 5817 0x000001e3201b6290 code [0x000001e3201b6420, 0x000001e3201b7b88]
Event: 2.757 Thread 0x000001e33acd3800 nmethod 5823 0x000001e3201b3bd0 code [0x000001e3201b3d40, 0x000001e3201b4108]
Event: 2.758 Thread 0x000001e33acd0800 nmethod 5816 0x000001e3201be9d0 code [0x000001e3201beb80, 0x000001e3201bffa8]
Event: 2.777 Thread 0x000001e33ace2800 nmethod 5792 0x000001e3201c5750 code [0x000001e3201c5a80, 0x000001e3201c8b98]
Event: 2.778 Thread 0x000001e33acd2800 nmethod 5793 0x000001e3201d0650 code [0x000001e3201d0980, 0x000001e3201d3b78]
Event: 2.826 Thread 0x000001e33acce800 5831       4       java.nio.CharBuffer::hasArray (20 bytes)
Event: 2.827 Thread 0x000001e33acce800 nmethod 5831 0x000001e3201b6010 code [0x000001e3201b6140, 0x000001e3201b61d8]

GC Heap History (10 events):
Event: 1.430 GC heap before
{Heap before GC invocations=3 (full 0):
 PSYoungGen      total 76288K, used 76288K [0x000000076b100000, 0x0000000770600000, 0x00000007c0000000)
  eden space 65536K, 100% used [0x000000076b100000,0x000000076f100000,0x000000076f100000)
  from space 10752K, 100% used [0x000000076fb80000,0x0000000770600000,0x0000000770600000)
  to   space 10752K, 0% used [0x000000076f100000,0x000000076f100000,0x000000076fb80000)
 ParOldGen       total 175104K, used 2584K [0x00000006c1200000, 0x00000006cbd00000, 0x000000076b100000)
  object space 175104K, 1% used [0x00000006c1200000,0x00000006c1486268,0x00000006cbd00000)
 Metaspace       used 17436K, capacity 17964K, committed 18176K, reserved 1064960K
  class space    used 2024K, capacity 2192K, committed 2304K, reserved 1048576K
Event: 1.434 GC heap after
Heap after GC invocations=3 (full 0):
 PSYoungGen      total 76288K, used 10736K [0x000000076b100000, 0x0000000770600000, 0x00000007c0000000)
  eden space 65536K, 0% used [0x000000076b100000,0x000000076b100000,0x000000076f100000)
  from space 10752K, 99% used [0x000000076f100000,0x000000076fb7c030,0x000000076fb80000)
  to   space 10752K, 0% used [0x000000076fb80000,0x000000076fb80000,0x0000000770600000)
 ParOldGen       total 175104K, used 7819K [0x00000006c1200000, 0x00000006cbd00000, 0x000000076b100000)
  object space 175104K, 4% used [0x00000006c1200000,0x00000006c19a2fc0,0x00000006cbd00000)
 Metaspace       used 17436K, capacity 17964K, committed 18176K, reserved 1064960K
  class space    used 2024K, capacity 2192K, committed 2304K, reserved 1048576K
}
Event: 1.617 GC heap before
{Heap before GC invocations=4 (full 0):
 PSYoungGen      total 76288K, used 40872K [0x000000076b100000, 0x0000000770600000, 0x00000007c0000000)
  eden space 65536K, 45% used [0x000000076b100000,0x000000076ce6e348,0x000000076f100000)
  from space 10752K, 99% used [0x000000076f100000,0x000000076fb7c030,0x000000076fb80000)
  to   space 10752K, 0% used [0x000000076fb80000,0x000000076fb80000,0x0000000770600000)
 ParOldGen       total 175104K, used 7819K [0x00000006c1200000, 0x00000006cbd00000, 0x000000076b100000)
  object space 175104K, 4% used [0x00000006c1200000,0x00000006c19a2fc0,0x00000006cbd00000)
 Metaspace       used 20539K, capacity 21100K, committed 21296K, reserved 1069056K
  class space    used 2435K, capacity 2624K, committed 2688K, reserved 1048576K
Event: 1.622 GC heap after
Heap after GC invocations=4 (full 0):
 PSYoungGen      total 76288K, used 10720K [0x000000076b100000, 0x0000000774600000, 0x00000007c0000000)
  eden space 65536K, 0% used [0x000000076b100000,0x000000076b100000,0x000000076f100000)
  from space 10752K, 99% used [0x000000076fb80000,0x00000007705f8060,0x0000000770600000)
  to   space 10752K, 0% used [0x000000076f100000,0x000000076f100000,0x000000076fb80000)
 ParOldGen       total 175104K, used 9942K [0x00000006c1200000, 0x00000006cbd00000, 0x000000076b100000)
  object space 175104K, 5% used [0x00000006c1200000,0x00000006c1bb5b78,0x00000006cbd00000)
 Metaspace       used 20539K, capacity 21100K, committed 21296K, reserved 1069056K
  class space    used 2435K, capacity 2624K, committed 2688K, reserved 1048576K
}
Event: 1.622 GC heap before
{Heap before GC invocations=5 (full 1):
 PSYoungGen      total 76288K, used 10720K [0x000000076b100000, 0x0000000774600000, 0x00000007c0000000)
  eden space 65536K, 0% used [0x000000076b100000,0x000000076b100000,0x000000076f100000)
  from space 10752K, 99% used [0x000000076fb80000,0x00000007705f8060,0x0000000770600000)
  to   space 10752K, 0% used [0x000000076f100000,0x000000076f100000,0x000000076fb80000)
 ParOldGen       total 175104K, used 9942K [0x00000006c1200000, 0x00000006cbd00000, 0x000000076b100000)
  object space 175104K, 5% used [0x00000006c1200000,0x00000006c1bb5b78,0x00000006cbd00000)
 Metaspace       used 20539K, capacity 21100K, committed 21296K, reserved 1069056K
  class space    used 2435K, capacity 2624K, committed 2688K, reserved 1048576K
Event: 1.658 GC heap after
Heap after GC invocations=5 (full 1):
 PSYoungGen      total 76288K, used 0K [0x000000076b100000, 0x0000000774600000, 0x00000007c0000000)
  eden space 65536K, 0% used [0x000000076b100000,0x000000076b100000,0x000000076f100000)
  from space 10752K, 0% used [0x000000076fb80000,0x000000076fb80000,0x0000000770600000)
  to   space 10752K, 0% used [0x000000076f100000,0x000000076f100000,0x000000076fb80000)
 ParOldGen       total 130048K, used 16736K [0x00000006c1200000, 0x00000006c9100000, 0x000000076b100000)
  object space 130048K, 12% used [0x00000006c1200000,0x00000006c2258190,0x00000006c9100000)
 Metaspace       used 20539K, capacity 21100K, committed 21296K, reserved 1069056K
  class space    used 2435K, capacity 2624K, committed 2688K, reserved 1048576K
}
Event: 1.885 GC heap before
{Heap before GC invocations=6 (full 1):
 PSYoungGen      total 76288K, used 65536K [0x000000076b100000, 0x0000000774600000, 0x00000007c0000000)
  eden space 65536K, 100% used [0x000000076b100000,0x000000076f100000,0x000000076f100000)
  from space 10752K, 0% used [0x000000076fb80000,0x000000076fb80000,0x0000000770600000)
  to   space 10752K, 0% used [0x000000076f100000,0x000000076f100000,0x000000076fb80000)
 ParOldGen       total 130048K, used 16736K [0x00000006c1200000, 0x00000006c9100000, 0x000000076b100000)
  object space 130048K, 12% used [0x00000006c1200000,0x00000006c2258190,0x00000006c9100000)
 Metaspace       used 22447K, capacity 22988K, committed 23216K, reserved 1069056K
  class space    used 2610K, capacity 2784K, committed 2816K, reserved 1048576K
Event: 1.888 GC heap after
Heap after GC invocations=6 (full 1):
 PSYoungGen      total 76288K, used 10720K [0x000000076b100000, 0x0000000772800000, 0x00000007c0000000)
  eden space 65536K, 0% used [0x000000076b100000,0x000000076b100000,0x000000076f100000)
  from space 10752K, 99% used [0x000000076f100000,0x000000076fb78130,0x000000076fb80000)
  to   space 16384K, 0% used [0x0000000771800000,0x0000000771800000,0x0000000772800000)
 ParOldGen       total 130048K, used 17803K [0x00000006c1200000, 0x00000006c9100000, 0x000000076b100000)
  object space 130048K, 13% used [0x00000006c1200000,0x00000006c2362c88,0x00000006c9100000)
 Metaspace       used 22447K, capacity 22988K, committed 23216K, reserved 1069056K
  class space    used 2610K, capacity 2784K, committed 2816K, reserved 1048576K
}
Event: 2.244 GC heap before
{Heap before GC invocations=7 (full 1):
 PSYoungGen      total 76288K, used 76223K [0x000000076b100000, 0x0000000772800000, 0x00000007c0000000)
  eden space 65536K, 99% used [0x000000076b100000,0x000000076f0f7b78,0x000000076f100000)
  from space 10752K, 99% used [0x000000076f100000,0x000000076fb78130,0x000000076fb80000)
  to   space 16384K, 0% used [0x0000000771800000,0x0000000771800000,0x0000000772800000)
 ParOldGen       total 130048K, used 17803K [0x00000006c1200000, 0x00000006c9100000, 0x000000076b100000)
  object space 130048K, 13% used [0x00000006c1200000,0x00000006c2362c88,0x00000006c9100000)
 Metaspace       used 24079K, capacity 24690K, committed 24960K, reserved 1071104K
  class space    used 2699K, capacity 2881K, committed 2944K, reserved 1048576K
Event: 2.251 GC heap after
Heap after GC invocations=7 (full 1):
 PSYoungGen      total 105472K, used 13403K [0x000000076b100000, 0x0000000772a00000, 0x00000007c0000000)
  eden space 89088K, 0% used [0x000000076b100000,0x000000076b100000,0x0000000770800000)
  from space 16384K, 81% used [0x0000000771800000,0x0000000772516e90,0x0000000772800000)
  to   space 16384K, 0% used [0x0000000770800000,0x0000000770800000,0x0000000771800000)
 ParOldGen       total 130048K, used 17811K [0x00000006c1200000, 0x00000006c9100000, 0x000000076b100000)
  object space 130048K, 13% used [0x00000006c1200000,0x00000006c2364c88,0x00000006c9100000)
 Metaspace       used 24079K, capacity 24690K, committed 24960K, reserved 1071104K
  class space    used 2699K, capacity 2881K, committed 2944K, reserved 1048576K
}

Deoptimization events (10 events):
Event: 2.754 Thread 0x000001e31d1d3000 Uncommon trap: reason=class_check action=maybe_recompile pc=0x000001e31f56ea88 method=java.util.Collections$UnmodifiableMap$UnmodifiableEntrySet$UnmodifiableEntry.getKey()Ljava/lang/Object; @ 4
Event: 2.754 Thread 0x000001e31d1d3000 Uncommon trap: reason=class_check action=maybe_recompile pc=0x000001e31f56dcc8 method=java.util.Collections$UnmodifiableMap$UnmodifiableEntrySet$UnmodifiableEntry.getValue()Ljava/lang/Object; @ 4
Event: 2.754 Thread 0x000001e31d1d3000 Uncommon trap: reason=class_check action=maybe_recompile pc=0x000001e31f569950 method=java.util.Collections$UnmodifiableMap$UnmodifiableEntrySet$1.hasNext()Z @ 4
Event: 2.754 Thread 0x000001e31d1d3000 Uncommon trap: reason=class_check action=maybe_recompile pc=0x000001e31f56d480 method=java.util.Collections$UnmodifiableMap$UnmodifiableEntrySet$1.next()Ljava/util/Map$Entry; @ 8
Event: 2.754 Thread 0x000001e31d1d3000 Uncommon trap: reason=class_check action=maybe_recompile pc=0x000001e31f56ea88 method=java.util.Collections$UnmodifiableMap$UnmodifiableEntrySet$UnmodifiableEntry.getKey()Ljava/lang/Object; @ 4
Event: 2.754 Thread 0x000001e31d1d3000 Uncommon trap: reason=class_check action=maybe_recompile pc=0x000001e31f56dcc8 method=java.util.Collections$UnmodifiableMap$UnmodifiableEntrySet$UnmodifiableEntry.getValue()Ljava/lang/Object; @ 4
Event: 2.754 Thread 0x000001e31d1d3000 Uncommon trap: reason=class_check action=maybe_recompile pc=0x000001e31f569950 method=java.util.Collections$UnmodifiableMap$UnmodifiableEntrySet$1.hasNext()Z @ 4
Event: 2.754 Thread 0x000001e31d1d3000 Uncommon trap: reason=class_check action=maybe_recompile pc=0x000001e31f56d480 method=java.util.Collections$UnmodifiableMap$UnmodifiableEntrySet$1.next()Ljava/util/Map$Entry; @ 8
Event: 2.754 Thread 0x000001e31d1d3000 Uncommon trap: reason=class_check action=maybe_recompile pc=0x000001e31f56ea88 method=java.util.Collections$UnmodifiableMap$UnmodifiableEntrySet$UnmodifiableEntry.getKey()Ljava/lang/Object; @ 4
Event: 2.754 Thread 0x000001e31d1d3000 Uncommon trap: reason=class_check action=maybe_recompile pc=0x000001e31f56dcc8 method=java.util.Collections$UnmodifiableMap$UnmodifiableEntrySet$UnmodifiableEntry.getValue()Ljava/lang/Object; @ 4

Classes redefined (0 events):
No events

Internal exceptions (10 events):
Event: 2.293 Thread 0x000001e31d1d3000 Exception <a 'java/security/PrivilegedActionException'> (0x000000076bbb1f28) thrown at [C:\jenkins\workspace\8-2-build-windows-amd64-cygwin\jdk8u281\880\hotspot\src\share\vm\prims\jvm.cpp, line 1512]
Event: 2.311 Thread 0x000001e31d1d3000 Exception <a 'java/io/FileNotFoundException'> (0x000000076bea78f0) thrown at [C:\jenkins\workspace\8-2-build-windows-amd64-cygwin\jdk8u281\880\hotspot\src\share\vm\prims\jni.cpp, line 710]
Event: 2.311 Thread 0x000001e31d1d3000 Exception <a 'java/io/FileNotFoundException'> (0x000000076bea9480) thrown at [C:\jenkins\workspace\8-2-build-windows-amd64-cygwin\jdk8u281\880\hotspot\src\share\vm\prims\jni.cpp, line 710]
Event: 2.313 Thread 0x000001e31d1d3000 Exception <a 'java/io/FileNotFoundException'> (0x000000076beb5720) thrown at [C:\jenkins\workspace\8-2-build-windows-amd64-cygwin\jdk8u281\880\hotspot\src\share\vm\prims\jni.cpp, line 710]
Event: 2.313 Thread 0x000001e31d1d3000 Exception <a 'java/io/FileNotFoundException'> (0x000000076beb67f8) thrown at [C:\jenkins\workspace\8-2-build-windows-amd64-cygwin\jdk8u281\880\hotspot\src\share\vm\prims\jni.cpp, line 710]
Event: 2.313 Thread 0x000001e31d1d3000 Exception <a 'java/io/FileNotFoundException'> (0x000000076beb78b0) thrown at [C:\jenkins\workspace\8-2-build-windows-amd64-cygwin\jdk8u281\880\hotspot\src\share\vm\prims\jni.cpp, line 710]
Event: 2.313 Thread 0x000001e31d1d3000 Exception <a 'java/io/FileNotFoundException'> (0x000000076beb89d0) thrown at [C:\jenkins\workspace\8-2-build-windows-amd64-cygwin\jdk8u281\880\hotspot\src\share\vm\prims\jni.cpp, line 710]
Event: 2.313 Thread 0x000001e31d1d3000 Exception <a 'java/io/FileNotFoundException'> (0x000000076beb9a58) thrown at [C:\jenkins\workspace\8-2-build-windows-amd64-cygwin\jdk8u281\880\hotspot\src\share\vm\prims\jni.cpp, line 710]
Event: 2.314 Thread 0x000001e31d1d3000 Exception <a 'java/io/FileNotFoundException'> (0x000000076bebab70) thrown at [C:\jenkins\workspace\8-2-build-windows-amd64-cygwin\jdk8u281\880\hotspot\src\share\vm\prims\jni.cpp, line 710]
Event: 2.433 Thread 0x000001e31d1d3000 Exception <a 'java/lang/NoSuchMethodError': org.apache.maven.execution.MavenExecutionRequest.getFailureBehavior()Ljava/lang/String;> (0x000000076d407a20) thrown at [C:\jenkins\workspace\8-2-build-windows-amd64-cygwin\jdk8u281\880\hotspot\src\share\vm\inte

Events (10 events):
Event: 2.824 loading class org/apache/maven/plugin/surefire/booterclient/output/InPluginProcessDumpSingleton
Event: 2.824 loading class org/apache/maven/plugin/surefire/booterclient/output/InPluginProcessDumpSingleton done
Event: 2.824 loading class org/apache/maven/plugin/surefire/booterclient/output/InPluginProcessDumpSingleton
Event: 2.824 loading class org/apache/maven/plugin/surefire/booterclient/output/InPluginProcessDumpSingleton done
Event: 2.824 loading class org/apache/maven/plugin/surefire/booterclient/output/InPluginProcessDumpSingleton
Event: 2.824 loading class org/apache/maven/plugin/surefire/booterclient/output/InPluginProcessDumpSingleton done
Event: 2.826 loading class java/lang/Throwable$WrappedPrintWriter
Event: 2.826 loading class java/lang/Throwable$PrintStreamOrWriter
Event: 2.826 loading class java/lang/Throwable$PrintStreamOrWriter done
Event: 2.826 loading class java/lang/Throwable$WrappedPrintWriter done


Dynamic libraries:
0x00007ff743930000 - 0x00007ff743977000 	C:\Program Files\Java\jdk1.8.0_281\bin\java.exe
0x00007ff93ce70000 - 0x00007ff93d065000 	C:\Windows\SYSTEM32\ntdll.dll
0x00007ff8c16b0000 - 0x00007ff8c16c3000 	C:\Program Files\Avast Software\Avast\aswhook.dll
0x00007ff93b010000 - 0x00007ff93b0cd000 	C:\Windows\System32\KERNEL32.DLL
0x00007ff93a870000 - 0x00007ff93ab39000 	C:\Windows\System32\KERNELBASE.dll
0x00007ff93c540000 - 0x00007ff93c5ec000 	C:\Windows\System32\ADVAPI32.dll
0x00007ff93b0d0000 - 0x00007ff93b16e000 	C:\Windows\System32\msvcrt.dll
0x00007ff93af40000 - 0x00007ff93afdb000 	C:\Windows\System32\sechost.dll
0x00007ff93beb0000 - 0x00007ff93bfda000 	C:\Windows\System32\RPCRT4.dll
0x00007ff93cc10000 - 0x00007ff93cdb0000 	C:\Windows\System32\USER32.dll
0x00007ff93aeb0000 - 0x00007ff93aed2000 	C:\Windows\System32\win32u.dll
0x00007ff93b1d0000 - 0x00007ff93b1fa000 	C:\Windows\System32\GDI32.dll
0x00007ff93a640000 - 0x00007ff93a74b000 	C:\Windows\System32\gdi32full.dll
0x00007ff93a750000 - 0x00007ff93a7ed000 	C:\Windows\System32\msvcp_win.dll
0x00007ff93ab40000 - 0x00007ff93ac40000 	C:\Windows\System32\ucrtbase.dll
0x00007ff922c10000 - 0x00007ff922eaa000 	C:\Windows\WinSxS\amd64_microsoft.windows.common-controls_6595b64144ccf1df_6.0.19041.1083_none_60bbe31371f34e71\COMCTL32.dll
0x00007ff93afe0000 - 0x00007ff93b010000 	C:\Windows\System32\IMM32.DLL
0x00007ff92fac0000 - 0x00007ff92fad5000 	C:\Program Files\Java\jdk1.8.0_281\jre\bin\vcruntime140.dll
0x00007ff903e20000 - 0x00007ff903ebb000 	C:\Program Files\Java\jdk1.8.0_281\jre\bin\msvcp140.dll
0x0000000077440000 - 0x0000000077c9f000 	C:\Program Files\Java\jdk1.8.0_281\jre\bin\server\jvm.dll
0x00007ff93bfe0000 - 0x00007ff93bfe8000 	C:\Windows\System32\PSAPI.DLL
0x00007ff91d3d0000 - 0x00007ff91d3d9000 	C:\Windows\SYSTEM32\WSOCK32.dll
0x00007ff92eb10000 - 0x00007ff92eb37000 	C:\Windows\SYSTEM32\WINMM.dll
0x00007ff930bb0000 - 0x00007ff930bba000 	C:\Windows\SYSTEM32\VERSION.dll
0x00007ff93b470000 - 0x00007ff93b4db000 	C:\Windows\System32\WS2_32.dll
0x00007ff9384c0000 - 0x00007ff9384d2000 	C:\Windows\SYSTEM32\kernel.appcore.dll
0x00007ff92ff80000 - 0x00007ff92ff90000 	C:\Program Files\Java\jdk1.8.0_281\jre\bin\verify.dll
0x00007ff92f9d0000 - 0x00007ff92f9fb000 	C:\Program Files\Java\jdk1.8.0_281\jre\bin\java.dll
0x00007ff92c190000 - 0x00007ff92c1a8000 	C:\Program Files\Java\jdk1.8.0_281\jre\bin\zip.dll
0x00007ff93b770000 - 0x00007ff93beaf000 	C:\Windows\System32\SHELL32.dll
0x00007ff9386c0000 - 0x00007ff938e51000 	C:\Windows\SYSTEM32\windows.storage.dll
0x00007ff93c1e0000 - 0x00007ff93c535000 	C:\Windows\System32\combase.dll
0x00007ff939f40000 - 0x00007ff939f6c000 	C:\Windows\SYSTEM32\Wldp.dll
0x00007ff93b6c0000 - 0x00007ff93b76e000 	C:\Windows\System32\SHCORE.dll
0x00007ff93b200000 - 0x00007ff93b255000 	C:\Windows\System32\shlwapi.dll
0x00007ff93a4f0000 - 0x00007ff93a50f000 	C:\Windows\SYSTEM32\profapi.dll
0x00007ff92f8e0000 - 0x00007ff92f8ea000 	C:\apache-maven-3.6.3\lib\jansi-native\windows64\jansi.dll
0x00007ff91aaf0000 - 0x00007ff91ab0c000 	C:\Program Files\Java\jdk1.8.0_281\jre\bin\net.dll
0x00007ff939d20000 - 0x00007ff939d8a000 	C:\Windows\system32\mswsock.dll
0x00007ff9149f0000 - 0x00007ff914a03000 	C:\Program Files\Java\jdk1.8.0_281\jre\bin\nio.dll
0x00007ff92c210000 - 0x00007ff92c21d000 	C:\Program Files\Java\jdk1.8.0_281\jre\bin\management.dll
0x00007ff92abf0000 - 0x00007ff92ac07000 	C:\Windows\system32\napinsp.dll
0x00007ff91d150000 - 0x00007ff91d16b000 	C:\Windows\system32\pnrpnsp.dll
0x00007ff91f420000 - 0x00007ff91f435000 	C:\Windows\system32\wshbth.dll
0x00007ff936020000 - 0x00007ff93603d000 	C:\Windows\system32\NLAapi.dll
0x00007ff9399e0000 - 0x00007ff939a1b000 	C:\Windows\SYSTEM32\IPHLPAPI.DLL
0x00007ff939a20000 - 0x00007ff939aec000 	C:\Windows\SYSTEM32\DNSAPI.dll
0x00007ff93b690000 - 0x00007ff93b698000 	C:\Windows\System32\NSI.dll
0x00007ff91bac0000 - 0x00007ff91bad2000 	C:\Windows\System32\winrnr.dll
0x0000000051580000 - 0x00000000515a6000 	C:\Program Files\Bonjour\mdnsNSP.dll
0x00007ff92f4a0000 - 0x00007ff92f4aa000 	C:\Windows\System32\rasadhlp.dll
0x00007ff932840000 - 0x00007ff9328bf000 	C:\Windows\System32\fwpuclnt.dll
0x00007ff93a7f0000 - 0x00007ff93a817000 	C:\Windows\System32\bcrypt.dll
0x00007ff939f80000 - 0x00007ff939f98000 	C:\Windows\SYSTEM32\CRYPTSP.dll
0x00007ff939670000 - 0x00007ff9396a4000 	C:\Windows\system32\rsaenh.dll
0x00007ff93a470000 - 0x00007ff93a49e000 	C:\Windows\SYSTEM32\USERENV.dll
0x00007ff93a5b0000 - 0x00007ff93a633000 	C:\Windows\System32\bcryptprimitives.dll
0x00007ff939ea0000 - 0x00007ff939eac000 	C:\Windows\SYSTEM32\CRYPTBASE.dll
0x00007ff933e50000 - 0x00007ff933e67000 	C:\Windows\SYSTEM32\dhcpcsvc6.DLL
0x00007ff933bf0000 - 0x00007ff933c0d000 	C:\Windows\SYSTEM32\dhcpcsvc.DLL
0x00007ff92fb30000 - 0x00007ff92fd14000 	C:\Windows\SYSTEM32\dbghelp.dll

VM Arguments:
jvm_args: -Dclassworlds.conf=C:\apache-maven-3.6.3\bin\..\bin\m2.conf -Dmaven.home=C:\apache-maven-3.6.3\bin\.. -Dlibrary.jansi.path=C:\apache-maven-3.6.3\bin\..\lib\jansi-native -Dmaven.multiModuleProjectDirectory=D:\repositories\ServicioCommons 
java_command: org.codehaus.plexus.classworlds.launcher.Launcher clean package install
java_class_path (initial): C:\apache-maven-3.6.3\bin\..\boot\plexus-classworlds-2.6.0.jar
Launcher Type: SUN_STANDARD

Environment Variables:
JAVA_HOME=C:\Program Files\Java\jdk1.8.0_281
PATH=C:\Program Files (x86)\Common Files\Oracle\Java\javapath;C:\Program Files (x86)\Common Files\Intel\Shared Libraries\redist\intel64\compiler;C:\Windows\system32;C:\Windows;C:\Windows\System32\Wbem;C:\Windows\System32\WindowsPowerShell\v1.0\;C:\Windows\System32\OpenSSH\;C:\Program Files\NVIDIA Corporation\NVIDIA NvDLISR;C:\Program Files (x86)\NVIDIA Corporation\PhysX\Common;C:\Program Files\Git\cmd;C:\crc-windows-amd64\crc-windows-1.22.0-amd64;C:\oc;C:\Program Files\nodejs\;C:\apache-maven-3.6.3\bin;C:\Program Files\Java\jdk1.8.0_281\bin;C:\Program Files\PuTTY\;C:\Program Files (x86)\Microsoft SQL Server\150\DTS\Binn\;C:\Program Files\Azure Data Studio\bin;C:\Gradle\gradle-7.0\bin;C:\istio-1.10.0\bin;C:\Program Files\Microsoft SQL Server\Client SDK\ODBC\170\Tools\Binn\;C:\Program Files (x86)\Microsoft SQL Server\150\Tools\Binn\;C:\Program Files\Microsoft SQL Server\150\Tools\Binn\;C:\Program Files\Microsoft SQL Server\150\DTS\Binn\;C:\liquibase-4.3.5;C:\Program Files\dotnet\;C:\Program Files\Microsoft SQL Server\130\Tools\Binn\;C:\Program Files\Docker\Docker\resources\bin;C:\ProgramData\DockerDesktop\version-bin;C:\Program Files\MySQL\MySQL Shell 8.0\bin\;C:\Users\PC\AppData\Local\Microsoft\WindowsApps;C:\Users\PC\AppData\Roaming\npm;C:\Program Files\Azure Data Studio\bin;C:\Users\PC\AppData\Local\Programs\Microsoft VS Code\bin;C:\Users\PC\.dotnet\tools
USERNAME=PC
OS=Windows_NT
PROCESSOR_IDENTIFIER=Intel64 Family 6 Model 165 Stepping 5, GenuineIntel



---------------  S Y S T E M  ---------------

OS: Windows 10.0 , 64 bit Build 19041 (10.0.19041.1023)

CPU:total 16 (initial active 16) (8 cores per cpu, 2 threads per core) family 6 model 165 stepping 5, cmov, cx8, fxsr, mmx, sse, sse2, sse3, ssse3, sse4.1, sse4.2, popcnt, avx, avx2, aes, clmul, erms, 3dnowpref, lzcnt, ht, tsc, tscinvbit, bmi1, bmi2, adx

Memory: 4k page, physical 16697200k(2431500k free), swap 34534540k(469728k free)

vm_info: Java HotSpot(TM) 64-Bit Server VM (25.281-b09) for windows-amd64 JRE (1.8.0_281-b09), built on Dec  9 2020 13:54:07 by "" with MS VC++ 15.9 (VS2017)

time: Tue Jul 13 21:21:32 2021
timezone: Hora est. Pacífico, Sudamérica
elapsed time: 2.854039 seconds (0d 0h 0m 2s)

